<?xml version="1.0" encoding="UTF-8"?>
<!-- Generated by org.testng.reporters.JUnitReportReporter -->
<testsuite hostname="DESKTOP-55E04N3" failures="0" tests="1" name="WikiTest" time="4.948" errors="0" timestamp="26 Feb 2023 08:46:45 GMT">
  <testcase classname="WikiTest" name="wikiTest" time="4.948"/>
</testsuite> <!-- WikiTest -->
