<?xml version="1.0" encoding="UTF-8"?>
<!-- Generated by org.testng.reporters.JUnitReportReporter -->
<testsuite hostname="DESKTOP-55E04N3" failures="0" tests="1" name="Imdb" time="21.171" errors="0" timestamp="26 Feb 2023 08:48:24 GMT">
  <testcase classname="Imdb" name="pushpaMovieTest" time="21.171"/>
</testsuite> <!-- Imdb -->
